[0.010s] Invoking command in '/home/sid/ros2_ws/build/rviz_control': CMAKE_PREFIX_PATH=${CMAKE_PREFIX_PATH}:/home/sid/ros2_ws/install/my_first_pkg:/opt/ros/iron /home/sid/.local/bin/cmake --build /home/sid/ros2_ws/build/rviz_control -- -j8 -l8
[0.047s] [ 50%] [32mBuilding CXX object CMakeFiles/move.dir/src/publish_move.cpp.o[0m
[0.173s] [01m[K/home/sid/ros2_ws/src/rviz_control/src/publish_move.cpp:2:10:[m[K [01;31m[Kfatal error: [m[Kgeometry_msgs/msg/twist.hpp: No such file or directory
[0.174s]     2 | #include [01;31m[K<geometry_msgs/msg/twist.hpp>[m[K
[0.174s]       |          [01;31m[K^~~~~~~~~~~~~~~~~~~~~~~~~~~~~[m[K
[0.174s] compilation terminated.
[0.183s] gmake[2]: *** [CMakeFiles/move.dir/build.make:76: CMakeFiles/move.dir/src/publish_move.cpp.o] Error 1
[0.183s] gmake[1]: *** [CMakeFiles/Makefile2:137: CMakeFiles/move.dir/all] Error 2
[0.183s] gmake: *** [Makefile:146: all] Error 2
[0.188s] Invoked command in '/home/sid/ros2_ws/build/rviz_control' returned '2': CMAKE_PREFIX_PATH=${CMAKE_PREFIX_PATH}:/home/sid/ros2_ws/install/my_first_pkg:/opt/ros/iron /home/sid/.local/bin/cmake --build /home/sid/ros2_ws/build/rviz_control -- -j8 -l8
