-- Found ament_cmake: 2.0.3 (/opt/ros/iron/share/ament_cmake/cmake)
-- Found rclcpp: 21.0.1 (/opt/ros/iron/share/rclcpp/cmake)
-- Found rosidl_generator_c: 4.0.0 (/opt/ros/iron/share/rosidl_generator_c/cmake)
-- Found rosidl_generator_cpp: 4.0.0 (/opt/ros/iron/share/rosidl_generator_cpp/cmake)
-- Using all available rosidl_typesupport_c: rosidl_typesupport_fastrtps_c;rosidl_typesupport_introspection_c
-- Using all available rosidl_typesupport_cpp: rosidl_typesupport_fastrtps_cpp;rosidl_typesupport_introspection_cpp
-- Found rmw_implementation_cmake: 7.1.0 (/opt/ros/iron/share/rmw_implementation_cmake/cmake)
-- Found rmw_fastrtps_cpp: 7.1.1 (/opt/ros/iron/share/rmw_fastrtps_cpp/cmake)
-- Using RMW implementation 'rmw_fastrtps_cpp' as default
-- Found ament_lint_auto: 0.14.1 (/opt/ros/iron/share/ament_lint_auto/cmake)
-- Added test 'cppcheck' to perform static code analysis on C / C++ code
-- Configured cppcheck include dirs: 
-- Configured cppcheck exclude dirs and/or files: 
-- Added test 'lint_cmake' to check CMake code style
-- Added test 'uncrustify' to check C / C++ code style
-- Configured uncrustify additional arguments: 
-- Added test 'xmllint' to check XML markup files
-- Configuring done (0.8s)
-- Generating done (0.0s)
-- Build files have been written to: /home/sid/ros2_ws/build/cpp_parameters
[ 50%] [32mBuilding CXX object CMakeFiles/param_test.dir/src/cpp_param_node.cpp.o[0m
[01m[K/home/sid/ros2_ws/src/cpp_parameters/src/cpp_param_node.cpp:[m[K In constructor â€˜[01m[KParam::Param()[m[Kâ€™:
[01m[K/home/sid/ros2_ws/src/cpp_parameters/src/cpp_param_node.cpp:15:65:[m[K [01;31m[Kerror: [m[Kinvalid use of non-static member function â€˜[01m[Kvoid Param::timer_callback()[m[Kâ€™
   15 |     timer = this->create_wall_timer(500ms, std::bind([01;31m[KParam::timer_callback[m[K, this));
      |                                                      [01;31m[K~~~~~~~^~~~~~~~~~~~~~[m[K

[01m[K/home/sid/ros2_ws/src/cpp_parameters/src/cpp_param_node.cpp:18:10:[m[K [01;36m[Knote: [m[Kdeclared here
   18 |     void [01;36m[Ktimer_callback[m[K() {
      |          [01;36m[K^~~~~~~~~~~~~~[m[K
In file included from [01m[K/opt/ros/iron/include/rclcpp/rclcpp/logging.hpp:24[m[K,
                 from [01m[K/opt/ros/iron/include/rclcpp/rclcpp/client.hpp:43[m[K,
                 from [01m[K/opt/ros/iron/include/rclcpp/rclcpp/callback_group.hpp:24[m[K,
                 from [01m[K/opt/ros/iron/include/rclcpp/rclcpp/any_executable.hpp:20[m[K,
                 from [01m[K/opt/ros/iron/include/rclcpp/rclcpp/memory_strategy.hpp:25[m[K,
                 from [01m[K/opt/ros/iron/include/rclcpp/rclcpp/memory_strategies.hpp:18[m[K,
                 from [01m[K/opt/ros/iron/include/rclcpp/rclcpp/executor_options.hpp:20[m[K,
                 from [01m[K/opt/ros/iron/include/rclcpp/rclcpp/executor.hpp:37[m[K,
                 from [01m[K/opt/ros/iron/include/rclcpp/rclcpp/executors/multi_threaded_executor.hpp:25[m[K,
                 from [01m[K/opt/ros/iron/include/rclcpp/rclcpp/executors.hpp:21[m[K,
                 from [01m[K/opt/ros/iron/include/rclcpp/rclcpp/rclcpp.hpp:167[m[K,
                 from [01m[K/home/sid/ros2_ws/src/cpp_parameters/src/cpp_param_node.cpp:1[m[K:
[01m[K/home/sid/ros2_ws/src/cpp_parameters/src/cpp_param_node.cpp:[m[K In member function â€˜[01m[Kvoid Param::timer_callback()[m[Kâ€™:
[01m[K/home/sid/ros2_ws/src/cpp_parameters/src/cpp_param_node.cpp:22:41:[m[K [01;35m[Kwarning: [m[Kformat â€˜[01m[K%s[m[Kâ€™ expects argument of type â€˜[01m[Kchar*[m[Kâ€™, but argument 5 has type â€˜[01m[Kstd::string[m[Kâ€™ {aka â€˜[01m[Kstd::__cxx11::basic_string<char>[m[Kâ€™} [[01;35m[K]8;;https://gcc.gnu.org/onlinedocs/gcc/Warning-Options.html#index-Wformat=-Wformat=]8;;[m[K]
   22 |         RCLCPP_INFO(this->get_logger(), [01;35m[K"Hello %s!"[m[K, get_param);
      |                                         [01;35m[K^~~~~~~~~~~[m[K
[01m[K/home/sid/ros2_ws/src/cpp_parameters/src/cpp_param_node.cpp:22:49:[m[K [01;36m[Knote: [m[Kformat string is defined here
   22 |         RCLCPP_INFO(this->get_logger(), "Hello [01;36m[K%s[m[K!", get_param);
      |                                                [01;36m[K~^[m[K
      |                                                 [01;36m[K|[m[K
      |                                                 [01;36m[Kchar*[m[K
gmake[2]: *** [CMakeFiles/param_test.dir/build.make:76: CMakeFiles/param_test.dir/src/cpp_param_node.cpp.o] Error 1
gmake[1]: *** [CMakeFiles/Makefile2:137: CMakeFiles/param_test.dir/all] Error 2
gmake: *** [Makefile:146: all] Error 2
