[0.019s] Invoking command in '/home/sid/ros2_ws/build/cpp_pubsub': CMAKE_PREFIX_PATH=${CMAKE_PREFIX_PATH}:/home/sid/ros2_ws/install/my_first_pkg:/opt/ros/iron /home/sid/.local/bin/cmake --build /home/sid/ros2_ws/build/cpp_pubsub -- -j8 -l8
[0.268s] -- Found ament_cmake: 2.0.3 (/opt/ros/iron/share/ament_cmake/cmake)
[0.269s] -- Found ament_lint_auto: 0.14.1 (/opt/ros/iron/share/ament_lint_auto/cmake)
[0.269s] -- Added test 'cppcheck' to perform static code analysis on C / C++ code
[0.269s] -- Configured cppcheck include dirs: 
[0.269s] -- Configured cppcheck exclude dirs and/or files: 
[0.269s] -- Added test 'lint_cmake' to check CMake code style
[0.269s] -- Added test 'uncrustify' to check C / C++ code style
[0.269s] -- Configured uncrustify additional arguments: 
[0.269s] -- Added test 'xmllint' to check XML markup files
[0.269s] -- Configuring done (0.1s)
[0.269s] -- Generating done (0.0s)
[0.269s] -- Build files have been written to: /home/sid/ros2_ws/build/cpp_pubsub
[0.270s] [ 50%] [32mBuilding CXX object CMakeFiles/simple_pub.dir/src/publisher_member_function.cpp.o[0m
[0.270s] [01m[K/home/sid/ros2_ws/src/cpp_pubsub/src/publisher_member_function.cpp:20:10:[m[K [01;31m[Kfatal error: [m[Krclcpp/rclcpp.hpp: No such file or directory
[0.270s]    20 | #include [01;31m[K"rclcpp/rclcpp.hpp"[m[K
[0.270s]       |          [01;31m[K^~~~~~~~~~~~~~~~~~~[m[K
[0.270s] compilation terminated.
[0.270s] gmake[2]: *** [CMakeFiles/simple_pub.dir/build.make:76: CMakeFiles/simple_pub.dir/src/publisher_member_function.cpp.o] Error 1
[0.270s] gmake[1]: *** [CMakeFiles/Makefile2:137: CMakeFiles/simple_pub.dir/all] Error 2
[0.270s] gmake: *** [Makefile:146: all] Error 2
[0.272s] Invoked command in '/home/sid/ros2_ws/build/cpp_pubsub' returned '2': CMAKE_PREFIX_PATH=${CMAKE_PREFIX_PATH}:/home/sid/ros2_ws/install/my_first_pkg:/opt/ros/iron /home/sid/.local/bin/cmake --build /home/sid/ros2_ws/build/cpp_pubsub -- -j8 -l8
