<?xml version="1.0" encoding="UTF-8"?>
<Site BuildName="(empty)"
	BuildStamp="20230722-1639-Experimental"
	Name="srana"
	Generator="ctest-3.26.4"
	CompilerName="/usr/bin/c++"
	CompilerVersion="11.3.0"
	OSName="Linux"
	Hostname="srana"
	OSRelease="5.19.0-46-generic"
	OSVersion="#47~22.04.1-Ubuntu SMP PREEMPT_DYNAMIC Wed Jun 21 15:35:31 UTC 2"
	OSPlatform="x86_64"
	Is64Bits="1"
	VendorString="GenuineIntel"
	VendorID="Intel Corporation"
	FamilyID="6"
	ModelID="140"
	ProcessorCacheSize="8192"
	NumberOfLogicalCPU="8"
	NumberOfPhysicalCPU="4"
	TotalVirtualMemory="2047"
	TotalPhysicalMemory="7720"
	LogicalProcessorsPerPhysical="2"
	ProcessorClockFrequency="3755.22"
	>
	<Testing>
		<StartDateTime>Jul 22 22:09 IST</StartDateTime>
		<StartTestTime>1690043975</StartTestTime>
		<TestList/>
		<EndDateTime>Jul 22 22:09 IST</EndDateTime>
		<EndTestTime>1690043975</EndTestTime>
		<ElapsedMinutes>0</ElapsedMinutes>
	</Testing>
</Site>
