[0.034s] Invoking command in '/home/sid/ros2_ws/build/cpp_parameters': CMAKE_PREFIX_PATH=${CMAKE_PREFIX_PATH}:/home/sid/ros2_ws/install/my_first_pkg:/opt/ros/iron /home/sid/.local/bin/cmake --build /home/sid/ros2_ws/build/cpp_parameters -- -j8 -l8
[0.356s] [ 50%] [32mBuilding CXX object CMakeFiles/param_test.dir/src/cpp_param_node.cpp.o[0m
[2.608s] [01m[K/home/sid/ros2_ws/src/cpp_parameters/src/cpp_param_node.cpp:[m[K In constructor â€˜[01m[KParam::Param()[m[Kâ€™:
[2.608s] [01m[K/home/sid/ros2_ws/src/cpp_parameters/src/cpp_param_node.cpp:15:65:[m[K [01;31m[Kerror: [m[Kinvalid use of non-static member function â€˜[01m[Kvoid Param::timer_callback()[m[Kâ€™
[2.608s]    15 |     timer = this->create_wall_timer(500ms, std::bind([01;31m[KParam::timer_callback[m[K, this));
[2.608s]       |                                                      [01;31m[K~~~~~~~^~~~~~~~~~~~~~[m[K
[2.608s] 
[2.608s] [01m[K/home/sid/ros2_ws/src/cpp_parameters/src/cpp_param_node.cpp:18:10:[m[K [01;36m[Knote: [m[Kdeclared here
[2.608s]    18 |     void [01;36m[Ktimer_callback[m[K() {
[2.608s]       |          [01;36m[K^~~~~~~~~~~~~~[m[K
[3.361s] gmake[2]: *** [CMakeFiles/param_test.dir/build.make:76: CMakeFiles/param_test.dir/src/cpp_param_node.cpp.o] Error 1
[3.361s] gmake[1]: *** [CMakeFiles/Makefile2:137: CMakeFiles/param_test.dir/all] Error 2
[3.361s] gmake: *** [Makefile:146: all] Error 2
[3.366s] Invoked command in '/home/sid/ros2_ws/build/cpp_parameters' returned '2': CMAKE_PREFIX_PATH=${CMAKE_PREFIX_PATH}:/home/sid/ros2_ws/install/my_first_pkg:/opt/ros/iron /home/sid/.local/bin/cmake --build /home/sid/ros2_ws/build/cpp_parameters -- -j8 -l8
